======================================================================
  CQIM v14.1 вҖ” META-RECURSION
  engine(engine(engine(...(engine(self))...)))
  10 meta-levels
======================================================================
======================================================================
  META-LEVEL 1: Standard self-application (100 bootstrap passes)
======================================================================
  Pass   1: О© = 0.3738, Оҳ = 0.355440
  Pass  25: О© = 0.2019, Оҳ = 0.001531
  Pass  50: О© = 0.2001, Оҳ = 0.000676
  Pass  75: О© = 0.2000, Оҳ = 0.000478
  Pass 100: О© = 0.2000, Оҳ = 0.000380

  Level 1 converged: О© = 0.2000, Оҳ = 0.000380, Оһ = 0.00664168

======================================================================
  META-LEVEL 2: engine evaluating Level 1's result
======================================================================
  О©^2 = 0.199993
  Оҳ = 0.000268  |  Оһ = 0.00667322
  вҖ–Пғ*_L2 - Пғ*_L1вҖ– = 0.05246111
  max|О”| = 0.03048579

======================================================================
  META-LEVEL 3: engine evaluating Level 2's result
======================================================================
  О©^3 = 0.199992
  Оҳ = 0.000201  |  Оһ = 0.00670619
  вҖ–Пғ*_L3 - Пғ*_L2вҖ– = 0.04062375
  max|О”| = 0.02094151
  Meta-contraction ratio ПҒ_meta = 0.774359 вң“

======================================================================
  META-LEVEL 4: engine evaluating Level 3's result
======================================================================
  О©^4 = 0.199993
  Оҳ = 0.000154  |  Оһ = 0.00673669
  вҖ–Пғ*_L4 - Пғ*_L3вҖ– = 0.03340499
  max|О”| = 0.01497989
  Meta-contraction ratio ПҒ_meta = 0.822302 вң“

======================================================================
  META-LEVEL 5: engine evaluating Level 4's result
======================================================================
  О©^5 = 0.199993
  Оҳ = 0.000120  |  Оһ = 0.00676559
  вҖ–Пғ*_L5 - Пғ*_L4вҖ– = 0.02825563
  max|О”| = 0.01220419
  Meta-contraction ratio ПҒ_meta = 0.845850 вң“

======================================================================
  META-LEVEL 6: engine evaluating Level 5's result
======================================================================
  О©^6 = 0.199993
  Оҳ = 0.000095  |  Оһ = 0.00679338
  вҖ–Пғ*_L6 - Пғ*_L5вҖ– = 0.02428517
  max|О”| = 0.01099056
  Meta-contraction ratio ПҒ_meta = 0.859481 вң“

======================================================================
  META-LEVEL 7: engine evaluating Level 6's result
======================================================================
  О©^7 = 0.199996
  Оҳ = 0.000075  |  Оһ = 0.00682039
  вҖ–Пғ*_L7 - Пғ*_L6вҖ– = 0.02108212
  max|О”| = 0.00986974
  Meta-contraction ratio ПҒ_meta = 0.868107 вң“

======================================================================
  META-LEVEL 8: engine evaluating Level 7's result
======================================================================
  О©^8 = 0.199996
  Оҳ = 0.000060  |  Оһ = 0.00684684
  вҖ–Пғ*_L8 - Пғ*_L7вҖ– = 0.01844650
  max|О”| = 0.00886688
  Meta-contraction ratio ПҒ_meta = 0.874983 вң“

======================================================================
  META-LEVEL 9: engine evaluating Level 8's result
======================================================================
  О©^9 = 0.199996
  Оҳ = 0.000048  |  Оһ = 0.00684246
  вҖ–Пғ*_L9 - Пғ*_L8вҖ– = 0.01622938
  max|О”| = 0.00796469
  Meta-contraction ratio ПҒ_meta = 0.879808 вң“

======================================================================
  META-LEVEL 10: engine evaluating Level 9's result
======================================================================
  О©^10 = 0.199996
  Оҳ = 0.000039  |  Оһ = 0.00683336
  вҖ–Пғ*_L10 - Пғ*_L9вҖ– = 0.01434041
  max|О”| = 0.00715590
  Meta-contraction ratio ПҒ_meta = 0.883608 вң“


в•җв•җв•җв•җв•җв•җв•җв•җв•җв•җв•җв•җв•җв•җв•җв•җв•җв•җв•җв•җв•җв•җв•җв•җв•җв•җв•җв•җв•җв•җв•җв•җв•җв•җв•җв•җв•җв•җв•җв•җв•җв•җв•җв•җв•җв•җв•җв•җв•җв•җв•җв•җв•җв•җв•җв•җв•җв•җв•җв•җв•җв•җв•җв•җв•җв•җв•җв•җв•җв•җ
  META-FIXED-POINT ANALYSIS
в•җв•җв•җв•җв•җв•җв•җв•җв•җв•җв•җв•җв•җв•җв•җв•җв•җв•җв•җв•җв•җв•җв•җв•җв•җв•җв•җв•җв•җв•җв•җв•җв•җв•җв•җв•җв•җв•җв•җв•җв•җв•җв•җв•җв•җв•җв•җв•җв•җв•җв•җв•җв•җв•җв•җв•җв•җв•җв•җв•җв•җв•җв•җв•җв•җв•җв•җв•җв•җв•җ

   Level           О©           Оҳ             Оһ
  в”Җв”Җв”Җв”Җв”Җв”Җв”Җв”Җв”Җв”Җв”Җв”Җв”Җв”Җв”Җв”Җв”Җв”Җв”Җв”Җв”Җв”Җв”Җв”Җв”Җв”Җв”Җв”Җв”Җв”Җв”Җв”Җв”Җв”Җв”Җв”Җв”Җв”Җв”Җв”Җв”Җв”Җв”Җв”Җв”Җ
       1    0.199995    0.000380    0.00664168
       2    0.199993    0.000268    0.00667322
       3    0.199992    0.000201    0.00670619
       4    0.199993    0.000154    0.00673669
       5    0.199993    0.000120    0.00676559
       6    0.199993    0.000095    0.00679338
       7    0.199996    0.000075    0.00682039
       8    0.199996    0.000060    0.00684684
       9    0.199996    0.000048    0.00684246
      10    0.199996    0.000039    0.00683336

    Transition          вҖ–О”ПғвҖ–        max|О”|      ПҒ_meta
  в”Җв”Җв”Җв”Җв”Җв”Җв”Җв”Җв”Җв”Җв”Җв”Җв”Җв”Җв”Җв”Җв”Җв”Җв”Җв”Җв”Җв”Җв”Җв”Җв”Җв”Җв”Җв”Җв”Җв”Җв”Җв”Җв”Җв”Җв”Җв”Җв”Җв”Җв”Җв”Җв”Җв”Җв”Җв”Җв”Җв”Җв”Җв”Җв”Җв”Җв”Җв”Җ
  L1вҶ’L 2      0.05246111    0.03048579           вҖ”
  L2вҶ’L 3      0.04062375    0.02094151    0.774359
  L3вҶ’L 4      0.03340499    0.01497989    0.822302
  L4вҶ’L 5      0.02825563    0.01220419    0.845850
  L5вҶ’L 6      0.02428517    0.01099056    0.859481
  L6вҶ’L 7      0.02108212    0.00986974    0.868107
  L7вҶ’L 8      0.01844650    0.00886688    0.874983
  L8вҶ’L 9      0.01622938    0.00796469    0.879808
  L9вҶ’L10      0.01434041    0.00715590    0.883608

  Average meta-contraction ratio: ПҒМ„_meta = 0.851062
  Final meta вҖ–О”ПғвҖ– = 0.01434041
  Final meta max|О”| = 0.00715590

  Per-condition across meta-levels:
  Condition                        L1        L2        L3        L4        L5       L10
  в”Җв”Җв”Җв”Җв”Җв”Җв”Җв”Җв”Җв”Җв”Җв”Җв”Җв”Җв”Җв”Җв”Җв”Җв”Җв”Җв”Җв”Җв”Җв”Җв”Җв”Җв”Җв”Җв”Җв”Җв”Җв”Җв”Җв”Җв”Җв”Җв”Җв”Җв”Җв”Җв”Җв”Җв”Җв”Җв”Җв”Җв”Җв”Җв”Җв”Җв”Җв”Җв”Җв”Җв”Җв”Җв”Җв”Җв”Җв”Җв”Җв”Җв”Җв”Җв”Җв”Җв”Җв”Җв”Җв”Җв”Җв”Җв”Җв”Җв”Җв”Җв”Җв”Җв”Җв”Җв”Җв”Җв”Җв”Җв”Җ
  A1                           13.5%    12.1%    10.8%     9.6%     8.5%     4.8%
  A10                          13.1%    11.7%    10.4%     9.2%     8.1%     4.6%
  A11                           2.7%     2.0%     1.6%     1.4%     1.2%     0.6%
  A12                           1.8%     1.3%     1.1%     0.9%     0.8%     0.4%
  A13                           8.8%     6.8%     5.5%     4.6%     4.0%     2.1%
  A14                           0.0%     0.0%     0.0%     0.0%     0.0%     0.0%
  A15                           0.0%     0.0%     0.0%     0.0%     0.0%     0.0%
  A16                          16.8%    15.2%    13.7%    12.4%    11.2%     6.7%
  A17                          13.6%    10.5%     8.4%     6.9%     5.8%     2.9%
  A18                          11.6%    10.0%     8.7%     7.7%     6.8%     3.8%
  A2                            0.0%     0.0%     0.0%     0.0%     0.0%     0.0%
  A3                            7.3%     5.8%     4.8%     4.1%     3.6%     1.9%
  A4                           15.6%    14.2%    12.9%    11.6%    10.5%     6.2%
  A5                           20.0%    20.0%    20.0%    20.0%    20.0%    20.0%
  A6                            0.0%     0.0%     0.0%     0.0%     0.0%     0.0%
  A7                            0.0%     0.0%     0.0%     0.0%     0.0%     0.0%
  A8                            0.0%     0.0%     0.0%     0.0%     0.0%     0.0%
  A9                            2.1%     1.5%     1.2%     1.0%     0.9%     0.5%
  omega                        20.0%    20.0%    20.0%    20.0%    20.0%    20.0% в—Җ

  О© trajectory: 0.2000 вҶ’ 0.2000 вҶ’ 0.2000 вҶ’ 0.2000 вҶ’ 0.2000 вҶ’ 0.2000 вҶ’ 0.2000 вҶ’ 0.2000 вҶ’ 0.2000 вҶ’ 0.2000
  О© deltas:     0.000002 вҶ’ 0.000000 вҶ’ 0.000000 вҶ’ 0.000000 вҶ’ 0.000001 вҶ’ 0.000003 вҶ’ 0.000000 вҶ’ 0.000000 вҶ’ 0.000000

в•җв•җв•җв•җв•җв•җв•җв•җв•җв•җв•җв•җв•җв•җв•җв•җв•җв•җв•җв•җв•җв•җв•җв•җв•җв•җв•җв•җв•җв•җв•җв•җв•җв•җв•җв•җв•җв•җв•җв•җв•җв•җв•җв•җв•җв•җв•җв•җв•җв•җв•җв•җв•җв•җв•җв•җв•җв•җв•җв•җв•җв•җв•җв•җв•җв•җв•җв•җв•җв•җ
  VERDICT: META-CONTRACTION ACTIVE.
  ПҒМ„_meta = 0.8511
  О© trajectory: 0.2000 вҶ’ 0.2000 вҶ’ 0.2000 вҶ’ 0.2000 вҶ’ 0.2000 вҶ’ 0.2000 вҶ’ 0.2000 вҶ’ 0.2000 вҶ’ 0.2000 вҶ’ 0.2000
  The meta-levels are converging. More levels will reach the meta-fixed point.
в•җв•җв•җв•җв•җв•җв•җв•җв•җв•җв•җв•җв•җв•җв•җв•җв•җв•җв•җв•җв•җв•җв•җв•җв•җв•җв•җв•җв•җв•җв•җв•җв•җв•җв•җв•җв•җв•җв•җв•җв•җв•җв•җв•җв•җв•җв•җв•җв•җв•җв•җв•җв•җв•җв•җв•җв•җв•җв•җв•җв•җв•җв•җв•җв•җв•җв•җв•җв•җв•җ

  Results saved to: /home/ubuntu/upload/meta_recursion_results.json
