======================================================================
  CQIM v14.1 — SELF-APPLICATION: THE ENGINE FED INTO ITSELF
  Ω = F(Ω): The recursion applied to the recursion.
======================================================================

──────────────────────────────────────────────────────────────────────
  PASS 1/100 (Initial — from zero)
──────────────────────────────────────────────────────────────────────
  Θ = 0.355440  |  Ξ = 0.00653157  |  Monotone: ✓
  Ω (self-model) = 0.3738

  Quotient Layer:
    QUOTIENT LAYER REPORT
    ==================================================
    No equivalences detected. Graph is already canonical.

──────────────────────────────────────────────────────────────────────
  PASS 2/100 (Bootstrap — σ* → evidence)
──────────────────────────────────────────────────────────────────────
  Θ = 0.137438  |  Ξ = 0.00649411  |  Monotone: ✓
  Ω (self-model) = 0.3300
  ‖σ*_2 - σ*_1‖ = 0.29519962  |  max|Δ| = 0.17542760

──────────────────────────────────────────────────────────────────────
  PASS 3/100 (Bootstrap — σ* → evidence)
──────────────────────────────────────────────────────────────────────
  Θ = 0.068515  |  Ξ = 0.00643297  |  Monotone: ✓
  Ω (self-model) = 0.2948
  ‖σ*_3 - σ*_2‖ = 0.18394843  |  max|Δ| = 0.10212247
  Contraction ratio ρ = 0.623132 ✓

──────────────────────────────────────────────────────────────────────
  PASS 4/100 (Bootstrap — σ* → evidence)
──────────────────────────────────────────────────────────────────────
  Θ = 0.040175  |  Ξ = 0.00644309  |  Monotone: ✓
  Ω (self-model) = 0.2687
  ‖σ*_4 - σ*_3‖ = 0.12386337  |  max|Δ| = 0.06665353
  Contraction ratio ρ = 0.673359 ✓

──────────────────────────────────────────────────────────────────────
  PASS 5/100 (Bootstrap — σ* → evidence)
──────────────────────────────────────────────────────────────────────
  Θ = 0.025832  |  Ξ = 0.00646443  |  Monotone: ✓
  Ω (self-model) = 0.2497
  ‖σ*_5 - σ*_4‖ = 0.08543631  |  max|Δ| = 0.04153094
  Contraction ratio ρ = 0.689762 ✓

──────────────────────────────────────────────────────────────────────
  PASS 6/100 (Bootstrap — σ* → evidence)
──────────────────────────────────────────────────────────────────────
  Θ = 0.018327  |  Ξ = 0.00648604  |  Monotone: ✓
  Ω (self-model) = 0.2374
  ‖σ*_6 - σ*_5‖ = 0.05994816  |  max|Δ| = 0.02887239
  Contraction ratio ρ = 0.701671 ✓

──────────────────────────────────────────────────────────────────────
  PASS 7/100 (Bootstrap — σ* → evidence)
──────────────────────────────────────────────────────────────────────
  Θ = 0.014003  |  Ξ = 0.00650409  |  Monotone: ✓
  Ω (self-model) = 0.2284
  ‖σ*_7 - σ*_6‖ = 0.04786438  |  max|Δ| = 0.02277922
  Contraction ratio ρ = 0.798430 ✓

──────────────────────────────────────────────────────────────────────
  PASS 8/100 (Bootstrap — σ* → evidence)
──────────────────────────────────────────────────────────────────────
  Θ = 0.010946  |  Ξ = 0.00651777  |  Monotone: ✓
  Ω (self-model) = 0.2215
  ‖σ*_8 - σ*_7‖ = 0.03973870  |  max|Δ| = 0.01858092
  Contraction ratio ρ = 0.830235 ✓

──────────────────────────────────────────────────────────────────────
  PASS 9/100 (Bootstrap — σ* → evidence)
──────────────────────────────────────────────────────────────────────
  Θ = 0.008676  |  Ξ = 0.00652822  |  Monotone: ✓
  Ω (self-model) = 0.2167
  ‖σ*_9 - σ*_8‖ = 0.03225175  |  max|Δ| = 0.01548878
  Contraction ratio ρ = 0.811595 ✓

──────────────────────────────────────────────────────────────────────
  PASS 10/100 (Bootstrap — σ* → evidence)
──────────────────────────────────────────────────────────────────────
  Θ = 0.007218  |  Ξ = 0.00653660  |  Monotone: ✓
  Ω (self-model) = 0.2137
  ‖σ*_10 - σ*_9‖ = 0.02689436  |  max|Δ| = 0.01311005
  Contraction ratio ρ = 0.833888 ✓

──────────────────────────────────────────────────────────────────────
  PASS 11/100 (Bootstrap — σ* → evidence)
──────────────────────────────────────────────────────────────────────
  Θ = 0.006144  |  Ξ = 0.00654332  |  Monotone: ✓
  Ω (self-model) = 0.2117
  ‖σ*_11 - σ*_10‖ = 0.02350758  |  max|Δ| = 0.01122326
  Contraction ratio ρ = 0.874071 ✓

──────────────────────────────────────────────────────────────────────
  PASS 12/100 (Bootstrap — σ* → evidence)
──────────────────────────────────────────────────────────────────────
  Θ = 0.005290  |  Ξ = 0.00654542  |  Monotone: ✓
  Ω (self-model) = 0.2101
  ‖σ*_12 - σ*_11‖ = 0.02075881  |  max|Δ| = 0.00969226
  Contraction ratio ρ = 0.883068 ✓

──────────────────────────────────────────────────────────────────────
  PASS 13/100 (Bootstrap — σ* → evidence)
──────────────────────────────────────────────────────────────────────
  Θ = 0.004603  |  Ξ = 0.00654778  |  Monotone: ✓
  Ω (self-model) = 0.2088
  ‖σ*_13 - σ*_12‖ = 0.01848142  |  max|Δ| = 0.00842825
  Contraction ratio ρ = 0.890293 ✓

──────────────────────────────────────────────────────────────────────
  PASS 14/100 (Bootstrap — σ* → evidence)
──────────────────────────────────────────────────────────────────────
  Θ = 0.004042  |  Ξ = 0.00655032  |  Monotone: ✓
  Ω (self-model) = 0.2077
  ‖σ*_14 - σ*_13‖ = 0.01656686  |  max|Δ| = 0.00748515
  Contraction ratio ρ = 0.896406 ✓

──────────────────────────────────────────────────────────────────────
  PASS 15/100 (Bootstrap — σ* → evidence)
──────────────────────────────────────────────────────────────────────
  Θ = 0.003581  |  Ξ = 0.00655293  |  Monotone: ✓
  Ω (self-model) = 0.2068
  ‖σ*_15 - σ*_14‖ = 0.01493878  |  max|Δ| = 0.00690827
  Contraction ratio ρ = 0.901727 ✓

──────────────────────────────────────────────────────────────────────
  PASS 16/100 (Bootstrap — σ* → evidence)
──────────────────────────────────────────────────────────────────────
  Θ = 0.003198  |  Ξ = 0.00655380  |  Monotone: ✓
  Ω (self-model) = 0.2060
  ‖σ*_16 - σ*_15‖ = 0.01354131  |  max|Δ| = 0.00640386
  Contraction ratio ρ = 0.906454 ✓

──────────────────────────────────────────────────────────────────────
  PASS 17/100 (Bootstrap — σ* → evidence)
──────────────────────────────────────────────────────────────────────
  Θ = 0.002877  |  Ξ = 0.00655303  |  Monotone: ✓
  Ω (self-model) = 0.2053
  ‖σ*_17 - σ*_16‖ = 0.01233236  |  max|Δ| = 0.00595362
  Contraction ratio ρ = 0.910722 ✓

──────────────────────────────────────────────────────────────────────
  PASS 18/100 (Bootstrap — σ* → evidence)
──────────────────────────────────────────────────────────────────────
  Θ = 0.002606  |  Ξ = 0.00655264  |  Monotone: ✓
  Ω (self-model) = 0.2047
  ‖σ*_18 - σ*_17‖ = 0.01127903  |  max|Δ| = 0.00554937
  Contraction ratio ρ = 0.914588 ✓

──────────────────────────────────────────────────────────────────────
  PASS 19/100 (Bootstrap — σ* → evidence)
──────────────────────────────────────────────────────────────────────
  Θ = 0.002377  |  Ξ = 0.00655293  |  Monotone: ✓
  Ω (self-model) = 0.2041
  ‖σ*_19 - σ*_18‖ = 0.01035693  |  max|Δ| = 0.00518471
  Contraction ratio ρ = 0.918246 ✓

──────────────────────────────────────────────────────────────────────
  PASS 20/100 (Bootstrap — σ* → evidence)
──────────────────────────────────────────────────────────────────────
  Θ = 0.002181  |  Ξ = 0.00655354  |  Monotone: ✓
  Ω (self-model) = 0.2036
  ‖σ*_20 - σ*_19‖ = 0.00954501  |  max|Δ| = 0.00485426
  Contraction ratio ρ = 0.921607 ✓

──────────────────────────────────────────────────────────────────────
  PASS 21/100 (Bootstrap — σ* → evidence)
──────────────────────────────────────────────────────────────────────
  Θ = 0.002012  |  Ξ = 0.00655427  |  Monotone: ✓
  Ω (self-model) = 0.2032
  ‖σ*_21 - σ*_20‖ = 0.00882684  |  max|Δ| = 0.00455362
  Contraction ratio ρ = 0.924759 ✓

──────────────────────────────────────────────────────────────────────
  PASS 22/100 (Bootstrap — σ* → evidence)
──────────────────────────────────────────────────────────────────────
  Θ = 0.001866  |  Ξ = 0.00655511  |  Monotone: ✓
  Ω (self-model) = 0.2028
  ‖σ*_22 - σ*_21‖ = 0.00818893  |  max|Δ| = 0.00427911
  Contraction ratio ρ = 0.927731 ✓

──────────────────────────────────────────────────────────────────────
  PASS 23/100 (Bootstrap — σ* → evidence)
──────────────────────────────────────────────────────────────────────
  Θ = 0.001739  |  Ξ = 0.00655606  |  Monotone: ✓
  Ω (self-model) = 0.2025
  ‖σ*_23 - σ*_22‖ = 0.00762015  |  max|Δ| = 0.00402764
  Contraction ratio ρ = 0.930542 ✓

──────────────────────────────────────────────────────────────────────
  PASS 24/100 (Bootstrap — σ* → evidence)
──────────────────────────────────────────────────────────────────────
  Θ = 0.001628  |  Ξ = 0.00655709  |  Monotone: ✓
  Ω (self-model) = 0.2022
  ‖σ*_24 - σ*_23‖ = 0.00711118  |  max|Δ| = 0.00379659
  Contraction ratio ρ = 0.933208 ✓

──────────────────────────────────────────────────────────────────────
  PASS 25/100 (Bootstrap — σ* → evidence)
──────────────────────────────────────────────────────────────────────
  Θ = 0.001531  |  Ξ = 0.00655818  |  Monotone: ✓
  Ω (self-model) = 0.2019
  ‖σ*_25 - σ*_24‖ = 0.00665422  |  max|Δ| = 0.00358372
  Contraction ratio ρ = 0.935740 ✓

──────────────────────────────────────────────────────────────────────
  PASS 26/100 (Bootstrap — σ* → evidence)
──────────────────────────────────────────────────────────────────────
  Θ = 0.001445  |  Ξ = 0.00655931  |  Monotone: ✓
  Ω (self-model) = 0.2016
  ‖σ*_26 - σ*_25‖ = 0.00624264  |  max|Δ| = 0.00338711
  Contraction ratio ρ = 0.938148 ✓

──────────────────────────────────────────────────────────────────────
  PASS 27/100 (Bootstrap — σ* → evidence)
──────────────────────────────────────────────────────────────────────
  Θ = 0.001368  |  Ξ = 0.00656048  |  Monotone: ✓
  Ω (self-model) = 0.2014
  ‖σ*_27 - σ*_26‖ = 0.00587082  |  max|Δ| = 0.00320510
  Contraction ratio ρ = 0.940438 ✓

──────────────────────────────────────────────────────────────────────
  PASS 28/100 (Bootstrap — σ* → evidence)
──────────────────────────────────────────────────────────────────────
  Θ = 0.001300  |  Ξ = 0.00656168  |  Monotone: ✓
  Ω (self-model) = 0.2012
  ‖σ*_28 - σ*_27‖ = 0.00553394  |  max|Δ| = 0.00303624
  Contraction ratio ρ = 0.942617 ✓

──────────────────────────────────────────────────────────────────────
  PASS 29/100 (Bootstrap — σ* → evidence)
──────────────────────────────────────────────────────────────────────
  Θ = 0.001240  |  Ξ = 0.00656290  |  Monotone: ✓
  Ω (self-model) = 0.2010
  ‖σ*_29 - σ*_28‖ = 0.00522784  |  max|Δ| = 0.00287928
  Contraction ratio ρ = 0.944688 ✓

──────────────────────────────────────────────────────────────────────
  PASS 30/100 (Bootstrap — σ* → evidence)
──────────────────────────────────────────────────────────────────────
  Θ = 0.001185  |  Ξ = 0.00656413  |  Monotone: ✓
  Ω (self-model) = 0.2009
  ‖σ*_30 - σ*_29‖ = 0.00494897  |  max|Δ| = 0.00273309
  Contraction ratio ρ = 0.946657 ✓

──────────────────────────────────────────────────────────────────────
  PASS 31/100 (Bootstrap — σ* → evidence)
──────────────────────────────────────────────────────────────────────
  Θ = 0.001136  |  Ξ = 0.00656538  |  Monotone: ✓
  Ω (self-model) = 0.2007
  ‖σ*_31 - σ*_30‖ = 0.00469423  |  max|Δ| = 0.00259673
  Contraction ratio ρ = 0.948526 ✓

──────────────────────────────────────────────────────────────────────
  PASS 32/100 (Bootstrap — σ* → evidence)
──────────────────────────────────────────────────────────────────────
  Θ = 0.001092  |  Ξ = 0.00656667  |  Monotone: ✓
  Ω (self-model) = 0.2006
  ‖σ*_32 - σ*_31‖ = 0.00446853  |  max|Δ| = 0.00246931
  Contraction ratio ρ = 0.951921 ✓

──────────────────────────────────────────────────────────────────────
  PASS 33/100 (Bootstrap — σ* → evidence)
──────────────────────────────────────────────────────────────────────
  Θ = 0.001051  |  Ξ = 0.00656801  |  Monotone: ✓
  Ω (self-model) = 0.2005
  ‖σ*_33 - σ*_32‖ = 0.00427186  |  max|Δ| = 0.00235009
  Contraction ratio ρ = 0.955987 ✓

──────────────────────────────────────────────────────────────────────
  PASS 34/100 (Bootstrap — σ* → evidence)
──────────────────────────────────────────────────────────────────────
  Θ = 0.001014  |  Ξ = 0.00656937  |  Monotone: ✓
  Ω (self-model) = 0.2004
  ‖σ*_34 - σ*_33‖ = 0.00409162  |  max|Δ| = 0.00223839
  Contraction ratio ρ = 0.957807 ✓

──────────────────────────────────────────────────────────────────────
  PASS 35/100 (Bootstrap — σ* → evidence)
──────────────────────────────────────────────────────────────────────
  Θ = 0.000980  |  Ξ = 0.00657074  |  Monotone: ✓
  Ω (self-model) = 0.2004
  ‖σ*_35 - σ*_34‖ = 0.00392590  |  max|Δ| = 0.00213360
  Contraction ratio ρ = 0.959498 ✓

──────────────────────────────────────────────────────────────────────
  PASS 36/100 (Bootstrap — σ* → evidence)
──────────────────────────────────────────────────────────────────────
  Θ = 0.000949  |  Ξ = 0.00657215  |  Monotone: ✓
  Ω (self-model) = 0.2003
  ‖σ*_36 - σ*_35‖ = 0.00377314  |  max|Δ| = 0.00203519
  Contraction ratio ρ = 0.961091 ✓

──────────────────────────────────────────────────────────────────────
  PASS 37/100 (Bootstrap — σ* → evidence)
──────────────────────────────────────────────────────────────────────
  Θ = 0.000920  |  Ξ = 0.00657364  |  Monotone: ✓
  Ω (self-model) = 0.2003
  ‖σ*_37 - σ*_36‖ = 0.00363202  |  max|Δ| = 0.00194266
  Contraction ratio ρ = 0.962597 ✓

──────────────────────────────────────────────────────────────────────
  PASS 38/100 (Bootstrap — σ* → evidence)
──────────────────────────────────────────────────────────────────────
  Θ = 0.000893  |  Ξ = 0.00657511  |  Monotone: ✓
  Ω (self-model) = 0.2003
  ‖σ*_38 - σ*_37‖ = 0.00350134  |  max|Δ| = 0.00185556
  Contraction ratio ρ = 0.964021 ✓

──────────────────────────────────────────────────────────────────────
  PASS 39/100 (Bootstrap — σ* → evidence)
──────────────────────────────────────────────────────────────────────
  Θ = 0.000868  |  Ξ = 0.00657656  |  Monotone: ✓
  Ω (self-model) = 0.2002
  ‖σ*_39 - σ*_38‖ = 0.00338008  |  max|Δ| = 0.00177350
  Contraction ratio ρ = 0.965367 ✓

──────────────────────────────────────────────────────────────────────
  PASS 40/100 (Bootstrap — σ* → evidence)
──────────────────────────────────────────────────────────────────────
  Θ = 0.000844  |  Ξ = 0.00657800  |  Monotone: ✓
  Ω (self-model) = 0.2002
  ‖σ*_40 - σ*_39‖ = 0.00326732  |  max|Δ| = 0.00169611
  Contraction ratio ρ = 0.966640 ✓

──────────────────────────────────────────────────────────────────────
  PASS 41/100 (Bootstrap — σ* → evidence)
──────────────────────────────────────────────────────────────────────
  Θ = 0.000823  |  Ξ = 0.00657942  |  Monotone: ✓
  Ω (self-model) = 0.2002
  ‖σ*_41 - σ*_40‖ = 0.00316226  |  max|Δ| = 0.00162306
  Contraction ratio ρ = 0.967844 ✓

──────────────────────────────────────────────────────────────────────
  PASS 42/100 (Bootstrap — σ* → evidence)
──────────────────────────────────────────────────────────────────────
  Θ = 0.000802  |  Ξ = 0.00658082  |  Monotone: ✓
  Ω (self-model) = 0.2002
  ‖σ*_42 - σ*_41‖ = 0.00306417  |  max|Δ| = 0.00155404
  Contraction ratio ρ = 0.968982 ✓

──────────────────────────────────────────────────────────────────────
  PASS 43/100 (Bootstrap — σ* → evidence)
──────────────────────────────────────────────────────────────────────
  Θ = 0.000783  |  Ξ = 0.00658221  |  Monotone: ✓
  Ω (self-model) = 0.2001
  ‖σ*_43 - σ*_42‖ = 0.00297242  |  max|Δ| = 0.00148879
  Contraction ratio ρ = 0.970059 ✓

──────────────────────────────────────────────────────────────────────
  PASS 44/100 (Bootstrap — σ* → evidence)
──────────────────────────────────────────────────────────────────────
  Θ = 0.000765  |  Ξ = 0.00658358  |  Monotone: ✓
  Ω (self-model) = 0.2001
  ‖σ*_44 - σ*_43‖ = 0.00288646  |  max|Δ| = 0.00142704
  Contraction ratio ρ = 0.971078 ✓

──────────────────────────────────────────────────────────────────────
  PASS 45/100 (Bootstrap — σ* → evidence)
──────────────────────────────────────────────────────────────────────
  Θ = 0.000748  |  Ξ = 0.00658494  |  Monotone: ✓
  Ω (self-model) = 0.2001
  ‖σ*_45 - σ*_44‖ = 0.00280576  |  max|Δ| = 0.00136856
  Contraction ratio ρ = 0.972043 ✓

──────────────────────────────────────────────────────────────────────
  PASS 46/100 (Bootstrap — σ* → evidence)
──────────────────────────────────────────────────────────────────────
  Θ = 0.000732  |  Ξ = 0.00658628  |  Monotone: ✓
  Ω (self-model) = 0.2001
  ‖σ*_46 - σ*_45‖ = 0.00272988  |  max|Δ| = 0.00131314
  Contraction ratio ρ = 0.972957 ✓

──────────────────────────────────────────────────────────────────────
  PASS 47/100 (Bootstrap — σ* → evidence)
──────────────────────────────────────────────────────────────────────
  Θ = 0.000717  |  Ξ = 0.00658760  |  Monotone: ✓
  Ω (self-model) = 0.2001
  ‖σ*_47 - σ*_46‖ = 0.00265843  |  max|Δ| = 0.00126059
  Contraction ratio ρ = 0.973824 ✓

──────────────────────────────────────────────────────────────────────
  PASS 48/100 (Bootstrap — σ* → evidence)
──────────────────────────────────────────────────────────────────────
  Θ = 0.000703  |  Ξ = 0.00658891  |  Monotone: ✓
  Ω (self-model) = 0.2001
  ‖σ*_48 - σ*_47‖ = 0.00259103  |  max|Δ| = 0.00121072
  Contraction ratio ρ = 0.974647 ✓

──────────────────────────────────────────────────────────────────────
  PASS 49/100 (Bootstrap — σ* → evidence)
──────────────────────────────────────────────────────────────────────
  Θ = 0.000689  |  Ξ = 0.00659020  |  Monotone: ✓
  Ω (self-model) = 0.2001
  ‖σ*_49 - σ*_48‖ = 0.00252736  |  max|Δ| = 0.00116336
  Contraction ratio ρ = 0.975429 ✓

──────────────────────────────────────────────────────────────────────
  PASS 50/100 (Bootstrap — σ* → evidence)
──────────────────────────────────────────────────────────────────────
  Θ = 0.000676  |  Ξ = 0.00659148  |  Monotone: ✓
  Ω (self-model) = 0.2001
  ‖σ*_50 - σ*_49‖ = 0.00246714  |  max|Δ| = 0.00111836
  Contraction ratio ρ = 0.976172 ✓

──────────────────────────────────────────────────────────────────────
  PASS 51/100 (Bootstrap — σ* → evidence)
──────────────────────────────────────────────────────────────────────
  Θ = 0.000664  |  Ξ = 0.00659274  |  Monotone: ✓
  Ω (self-model) = 0.2000
  ‖σ*_51 - σ*_50‖ = 0.00241010  |  max|Δ| = 0.00107557
  Contraction ratio ρ = 0.976880 ✓

──────────────────────────────────────────────────────────────────────
  PASS 52/100 (Bootstrap — σ* → evidence)
──────────────────────────────────────────────────────────────────────
  Θ = 0.000652  |  Ξ = 0.00659399  |  Monotone: ✓
  Ω (self-model) = 0.2000
  ‖σ*_52 - σ*_51‖ = 0.00235601  |  max|Δ| = 0.00103988
  Contraction ratio ρ = 0.977554 ✓

──────────────────────────────────────────────────────────────────────
  PASS 53/100 (Bootstrap — σ* → evidence)
──────────────────────────────────────────────────────────────────────
  Θ = 0.000641  |  Ξ = 0.00659522  |  Monotone: ✓
  Ω (self-model) = 0.2000
  ‖σ*_53 - σ*_52‖ = 0.00230464  |  max|Δ| = 0.00103391
  Contraction ratio ρ = 0.978197 ✓

──────────────────────────────────────────────────────────────────────
  PASS 54/100 (Bootstrap — σ* → evidence)
──────────────────────────────────────────────────────────────────────
  Θ = 0.000630  |  Ξ = 0.00659644  |  Monotone: ✓
  Ω (self-model) = 0.2000
  ‖σ*_54 - σ*_53‖ = 0.00225581  |  max|Δ| = 0.00102790
  Contraction ratio ρ = 0.978811 ✓

──────────────────────────────────────────────────────────────────────
  PASS 55/100 (Bootstrap — σ* → evidence)
──────────────────────────────────────────────────────────────────────
  Θ = 0.000620  |  Ξ = 0.00659764  |  Monotone: ✓
  Ω (self-model) = 0.2000
  ‖σ*_55 - σ*_54‖ = 0.00220933  |  max|Δ| = 0.00102185
  Contraction ratio ρ = 0.979398 ✓

──────────────────────────────────────────────────────────────────────
  PASS 56/100 (Bootstrap — σ* → evidence)
──────────────────────────────────────────────────────────────────────
  Θ = 0.000610  |  Ξ = 0.00659883  |  Monotone: ✓
  Ω (self-model) = 0.2000
  ‖σ*_56 - σ*_55‖ = 0.00216505  |  max|Δ| = 0.00101577
  Contraction ratio ρ = 0.979959 ✓

──────────────────────────────────────────────────────────────────────
  PASS 57/100 (Bootstrap — σ* → evidence)
──────────────────────────────────────────────────────────────────────
  Θ = 0.000601  |  Ξ = 0.00660001  |  Monotone: ✓
  Ω (self-model) = 0.2000
  ‖σ*_57 - σ*_56‖ = 0.00212283  |  max|Δ| = 0.00100964
  Contraction ratio ρ = 0.980496 ✓

──────────────────────────────────────────────────────────────────────
  PASS 58/100 (Bootstrap — σ* → evidence)
──────────────────────────────────────────────────────────────────────
  Θ = 0.000592  |  Ξ = 0.00660117  |  Monotone: ✓
  Ω (self-model) = 0.2000
  ‖σ*_58 - σ*_57‖ = 0.00208252  |  max|Δ| = 0.00100348
  Contraction ratio ρ = 0.981011 ✓

──────────────────────────────────────────────────────────────────────
  PASS 59/100 (Bootstrap — σ* → evidence)
──────────────────────────────────────────────────────────────────────
  Θ = 0.000583  |  Ξ = 0.00660232  |  Monotone: ✓
  Ω (self-model) = 0.2000
  ‖σ*_59 - σ*_58‖ = 0.00204400  |  max|Δ| = 0.00099728
  Contraction ratio ρ = 0.981505 ✓

──────────────────────────────────────────────────────────────────────
  PASS 60/100 (Bootstrap — σ* → evidence)
──────────────────────────────────────────────────────────────────────
  Θ = 0.000575  |  Ξ = 0.00660346  |  Monotone: ✓
  Ω (self-model) = 0.2000
  ‖σ*_60 - σ*_59‖ = 0.00200657  |  max|Δ| = 0.00099010
  Contraction ratio ρ = 0.981688 ✓

──────────────────────────────────────────────────────────────────────
  PASS 61/100 (Bootstrap — σ* → evidence)
──────────────────────────────────────────────────────────────────────
  Θ = 0.000566  |  Ξ = 0.00660459  |  Monotone: ✓
  Ω (self-model) = 0.2000
  ‖σ*_61 - σ*_60‖ = 0.00197133  |  max|Δ| = 0.00098390
  Contraction ratio ρ = 0.982439 ✓

──────────────────────────────────────────────────────────────────────
  PASS 62/100 (Bootstrap — σ* → evidence)
──────────────────────────────────────────────────────────────────────
  Θ = 0.000559  |  Ξ = 0.00660570  |  Monotone: ✓
  Ω (self-model) = 0.2000
  ‖σ*_62 - σ*_61‖ = 0.00193757  |  max|Δ| = 0.00097766
  Contraction ratio ρ = 0.982876 ✓

──────────────────────────────────────────────────────────────────────
  PASS 63/100 (Bootstrap — σ* → evidence)
──────────────────────────────────────────────────────────────────────
  Θ = 0.000551  |  Ξ = 0.00660681  |  Monotone: ✓
  Ω (self-model) = 0.2000
  ‖σ*_63 - σ*_62‖ = 0.00190521  |  max|Δ| = 0.00097139
  Contraction ratio ρ = 0.983295 ✓

──────────────────────────────────────────────────────────────────────
  PASS 64/100 (Bootstrap — σ* → evidence)
──────────────────────────────────────────────────────────────────────
  Θ = 0.000544  |  Ξ = 0.00660790  |  Monotone: ✓
  Ω (self-model) = 0.2000
  ‖σ*_64 - σ*_63‖ = 0.00187416  |  max|Δ| = 0.00096510
  Contraction ratio ρ = 0.983702 ✓

──────────────────────────────────────────────────────────────────────
  PASS 65/100 (Bootstrap — σ* → evidence)
──────────────────────────────────────────────────────────────────────
  Θ = 0.000537  |  Ξ = 0.00660898  |  Monotone: ✓
  Ω (self-model) = 0.2000
  ‖σ*_65 - σ*_64‖ = 0.00184434  |  max|Δ| = 0.00095878
  Contraction ratio ρ = 0.984092 ✓

──────────────────────────────────────────────────────────────────────
  PASS 66/100 (Bootstrap — σ* → evidence)
──────────────────────────────────────────────────────────────────────
  Θ = 0.000530  |  Ξ = 0.00661005  |  Monotone: ✓
  Ω (self-model) = 0.2000
  ‖σ*_66 - σ*_65‖ = 0.00181569  |  max|Δ| = 0.00095244
  Contraction ratio ρ = 0.984467 ✓

──────────────────────────────────────────────────────────────────────
  PASS 67/100 (Bootstrap — σ* → evidence)
──────────────────────────────────────────────────────────────────────
  Θ = 0.000524  |  Ξ = 0.00661111  |  Monotone: ✓
  Ω (self-model) = 0.2000
  ‖σ*_67 - σ*_66‖ = 0.00178815  |  max|Δ| = 0.00094608
  Contraction ratio ρ = 0.984829 ✓

──────────────────────────────────────────────────────────────────────
  PASS 68/100 (Bootstrap — σ* → evidence)
──────────────────────────────────────────────────────────────────────
  Θ = 0.000517  |  Ξ = 0.00661216  |  Monotone: ✓
  Ω (self-model) = 0.2000
  ‖σ*_68 - σ*_67‖ = 0.00176164  |  max|Δ| = 0.00093970
  Contraction ratio ρ = 0.985178 ✓

──────────────────────────────────────────────────────────────────────
  PASS 69/100 (Bootstrap — σ* → evidence)
──────────────────────────────────────────────────────────────────────
  Θ = 0.000511  |  Ξ = 0.00661320  |  Monotone: ✓
  Ω (self-model) = 0.2000
  ‖σ*_69 - σ*_68‖ = 0.00173612  |  max|Δ| = 0.00093331
  Contraction ratio ρ = 0.985515 ✓

──────────────────────────────────────────────────────────────────────
  PASS 70/100 (Bootstrap — σ* → evidence)
──────────────────────────────────────────────────────────────────────
  Θ = 0.000505  |  Ξ = 0.00661423  |  Monotone: ✓
  Ω (self-model) = 0.2000
  ‖σ*_70 - σ*_69‖ = 0.00171154  |  max|Δ| = 0.00092691
  Contraction ratio ρ = 0.985839 ✓

──────────────────────────────────────────────────────────────────────
  PASS 71/100 (Bootstrap — σ* → evidence)
──────────────────────────────────────────────────────────────────────
  Θ = 0.000499  |  Ξ = 0.00661525  |  Monotone: ✓
  Ω (self-model) = 0.2000
  ‖σ*_71 - σ*_70‖ = 0.00168784  |  max|Δ| = 0.00092050
  Contraction ratio ρ = 0.986152 ✓

──────────────────────────────────────────────────────────────────────
  PASS 72/100 (Bootstrap — σ* → evidence)
──────────────────────────────────────────────────────────────────────
  Θ = 0.000494  |  Ξ = 0.00661626  |  Monotone: ✓
  Ω (self-model) = 0.2000
  ‖σ*_72 - σ*_71‖ = 0.00166497  |  max|Δ| = 0.00091408
  Contraction ratio ρ = 0.986454 ✓

──────────────────────────────────────────────────────────────────────
  PASS 73/100 (Bootstrap — σ* → evidence)
──────────────────────────────────────────────────────────────────────
  Θ = 0.000488  |  Ξ = 0.00661726  |  Monotone: ✓
  Ω (self-model) = 0.2000
  ‖σ*_73 - σ*_72‖ = 0.00164291  |  max|Δ| = 0.00090766
  Contraction ratio ρ = 0.986746 ✓

──────────────────────────────────────────────────────────────────────
  PASS 74/100 (Bootstrap — σ* → evidence)
──────────────────────────────────────────────────────────────────────
  Θ = 0.000483  |  Ξ = 0.00661826  |  Monotone: ✓
  Ω (self-model) = 0.2000
  ‖σ*_74 - σ*_73‖ = 0.00162159  |  max|Δ| = 0.00090123
  Contraction ratio ρ = 0.987028 ✓

──────────────────────────────────────────────────────────────────────
  PASS 75/100 (Bootstrap — σ* → evidence)
──────────────────────────────────────────────────────────────────────
  Θ = 0.000478  |  Ξ = 0.00661924  |  Monotone: ✓
  Ω (self-model) = 0.2000
  ‖σ*_75 - σ*_74‖ = 0.00160100  |  max|Δ| = 0.00089481
  Contraction ratio ρ = 0.987300 ✓

──────────────────────────────────────────────────────────────────────
  PASS 76/100 (Bootstrap — σ* → evidence)
──────────────────────────────────────────────────────────────────────
  Θ = 0.000473  |  Ξ = 0.00662022  |  Monotone: ✓
  Ω (self-model) = 0.2000
  ‖σ*_76 - σ*_75‖ = 0.00158109  |  max|Δ| = 0.00088839
  Contraction ratio ρ = 0.987563 ✓

──────────────────────────────────────────────────────────────────────
  PASS 77/100 (Bootstrap — σ* → evidence)
──────────────────────────────────────────────────────────────────────
  Θ = 0.000468  |  Ξ = 0.00662119  |  Monotone: ✓
  Ω (self-model) = 0.2000
  ‖σ*_77 - σ*_76‖ = 0.00156182  |  max|Δ| = 0.00088197
  Contraction ratio ρ = 0.987814 ✓

──────────────────────────────────────────────────────────────────────
  PASS 78/100 (Bootstrap — σ* → evidence)
──────────────────────────────────────────────────────────────────────
  Θ = 0.000463  |  Ξ = 0.00662215  |  Monotone: ✓
  Ω (self-model) = 0.2000
  ‖σ*_78 - σ*_77‖ = 0.00154317  |  max|Δ| = 0.00087557
  Contraction ratio ρ = 0.988063 ✓

──────────────────────────────────────────────────────────────────────
  PASS 79/100 (Bootstrap — σ* → evidence)
──────────────────────────────────────────────────────────────────────
  Θ = 0.000458  |  Ξ = 0.00662311  |  Monotone: ✓
  Ω (self-model) = 0.2000
  ‖σ*_79 - σ*_78‖ = 0.00152512  |  max|Δ| = 0.00086917
  Contraction ratio ρ = 0.988300 ✓

──────────────────────────────────────────────────────────────────────
  PASS 80/100 (Bootstrap — σ* → evidence)
──────────────────────────────────────────────────────────────────────
  Θ = 0.000454  |  Ξ = 0.00662405  |  Monotone: ✓
  Ω (self-model) = 0.2000
  ‖σ*_80 - σ*_79‖ = 0.00150762  |  max|Δ| = 0.00086279
  Contraction ratio ρ = 0.988529 ✓

──────────────────────────────────────────────────────────────────────
  PASS 81/100 (Bootstrap — σ* → evidence)
──────────────────────────────────────────────────────────────────────
  Θ = 0.000449  |  Ξ = 0.00662499  |  Monotone: ✓
  Ω (self-model) = 0.2000
  ‖σ*_81 - σ*_80‖ = 0.00149066  |  max|Δ| = 0.00085642
  Contraction ratio ρ = 0.988751 ✓

──────────────────────────────────────────────────────────────────────
  PASS 82/100 (Bootstrap — σ* → evidence)
──────────────────────────────────────────────────────────────────────
  Θ = 0.000445  |  Ξ = 0.00662593  |  Monotone: ✓
  Ω (self-model) = 0.2000
  ‖σ*_82 - σ*_81‖ = 0.00147422  |  max|Δ| = 0.00085006
  Contraction ratio ρ = 0.988965 ✓

──────────────────────────────────────────────────────────────────────
  PASS 83/100 (Bootstrap — σ* → evidence)
──────────────────────────────────────────────────────────────────────
  Θ = 0.000441  |  Ξ = 0.00662685  |  Monotone: ✓
  Ω (self-model) = 0.2000
  ‖σ*_83 - σ*_82‖ = 0.00145825  |  max|Δ| = 0.00084373
  Contraction ratio ρ = 0.989173 ✓

──────────────────────────────────────────────────────────────────────
  PASS 84/100 (Bootstrap — σ* → evidence)
──────────────────────────────────────────────────────────────────────
  Θ = 0.000437  |  Ξ = 0.00662777  |  Monotone: ✓
  Ω (self-model) = 0.2000
  ‖σ*_84 - σ*_83‖ = 0.00144276  |  max|Δ| = 0.00083741
  Contraction ratio ρ = 0.989373 ✓

──────────────────────────────────────────────────────────────────────
  PASS 85/100 (Bootstrap — σ* → evidence)
──────────────────────────────────────────────────────────────────────
  Θ = 0.000432  |  Ξ = 0.00662868  |  Monotone: ✓
  Ω (self-model) = 0.2000
  ‖σ*_85 - σ*_84‖ = 0.00142770  |  max|Δ| = 0.00083112
  Contraction ratio ρ = 0.989567 ✓

──────────────────────────────────────────────────────────────────────
  PASS 86/100 (Bootstrap — σ* → evidence)
──────────────────────────────────────────────────────────────────────
  Θ = 0.000428  |  Ξ = 0.00662959  |  Monotone: ✓
  Ω (self-model) = 0.2000
  ‖σ*_86 - σ*_85‖ = 0.00141308  |  max|Δ| = 0.00082484
  Contraction ratio ρ = 0.989755 ✓

──────────────────────────────────────────────────────────────────────
  PASS 87/100 (Bootstrap — σ* → evidence)
──────────────────────────────────────────────────────────────────────
  Θ = 0.000425  |  Ξ = 0.00663049  |  Monotone: ✓
  Ω (self-model) = 0.2000
  ‖σ*_87 - σ*_86‖ = 0.00139886  |  max|Δ| = 0.00081859
  Contraction ratio ρ = 0.989936 ✓

──────────────────────────────────────────────────────────────────────
  PASS 88/100 (Bootstrap — σ* → evidence)
──────────────────────────────────────────────────────────────────────
  Θ = 0.000421  |  Ξ = 0.00663138  |  Monotone: ✓
  Ω (self-model) = 0.2000
  ‖σ*_88 - σ*_87‖ = 0.00138502  |  max|Δ| = 0.00081237
  Contraction ratio ρ = 0.990112 ✓

──────────────────────────────────────────────────────────────────────
  PASS 89/100 (Bootstrap — σ* → evidence)
──────────────────────────────────────────────────────────────────────
  Θ = 0.000417  |  Ξ = 0.00663227  |  Monotone: ✓
  Ω (self-model) = 0.2000
  ‖σ*_89 - σ*_88‖ = 0.00137156  |  max|Δ| = 0.00080617
  Contraction ratio ρ = 0.990282 ✓

──────────────────────────────────────────────────────────────────────
  PASS 90/100 (Bootstrap — σ* → evidence)
──────────────────────────────────────────────────────────────────────
  Θ = 0.000413  |  Ξ = 0.00663315  |  Monotone: ✓
  Ω (self-model) = 0.2000
  ‖σ*_90 - σ*_89‖ = 0.00135846  |  max|Δ| = 0.00080001
  Contraction ratio ρ = 0.990446 ✓

──────────────────────────────────────────────────────────────────────
  PASS 91/100 (Bootstrap — σ* → evidence)
──────────────────────────────────────────────────────────────────────
  Θ = 0.000410  |  Ξ = 0.00663403  |  Monotone: ✓
  Ω (self-model) = 0.2000
  ‖σ*_91 - σ*_90‖ = 0.00134570  |  max|Δ| = 0.00079387
  Contraction ratio ρ = 0.990605 ✓

──────────────────────────────────────────────────────────────────────
  PASS 92/100 (Bootstrap — σ* → evidence)
──────────────────────────────────────────────────────────────────────
  Θ = 0.000406  |  Ξ = 0.00663490  |  Monotone: ✓
  Ω (self-model) = 0.2000
  ‖σ*_92 - σ*_91‖ = 0.00133326  |  max|Δ| = 0.00078776
  Contraction ratio ρ = 0.990759 ✓

──────────────────────────────────────────────────────────────────────
  PASS 93/100 (Bootstrap — σ* → evidence)
──────────────────────────────────────────────────────────────────────
  Θ = 0.000403  |  Ξ = 0.00663576  |  Monotone: ✓
  Ω (self-model) = 0.2000
  ‖σ*_93 - σ*_92‖ = 0.00132114  |  max|Δ| = 0.00078168
  Contraction ratio ρ = 0.990908 ✓

──────────────────────────────────────────────────────────────────────
  PASS 94/100 (Bootstrap — σ* → evidence)
──────────────────────────────────────────────────────────────────────
  Θ = 0.000399  |  Ξ = 0.00663662  |  Monotone: ✓
  Ω (self-model) = 0.2000
  ‖σ*_94 - σ*_93‖ = 0.00130932  |  max|Δ| = 0.00077564
  Contraction ratio ρ = 0.991053 ✓

──────────────────────────────────────────────────────────────────────
  PASS 95/100 (Bootstrap — σ* → evidence)
──────────────────────────────────────────────────────────────────────
  Θ = 0.000396  |  Ξ = 0.00663748  |  Monotone: ✓
  Ω (self-model) = 0.2000
  ‖σ*_95 - σ*_94‖ = 0.00129779  |  max|Δ| = 0.00076963
  Contraction ratio ρ = 0.991193 ✓

──────────────────────────────────────────────────────────────────────
  PASS 96/100 (Bootstrap — σ* → evidence)
──────────────────────────────────────────────────────────────────────
  Θ = 0.000393  |  Ξ = 0.00663833  |  Monotone: ✓
  Ω (self-model) = 0.2000
  ‖σ*_96 - σ*_95‖ = 0.00128653  |  max|Δ| = 0.00076366
  Contraction ratio ρ = 0.991328 ✓

──────────────────────────────────────────────────────────────────────
  PASS 97/100 (Bootstrap — σ* → evidence)
──────────────────────────────────────────────────────────────────────
  Θ = 0.000389  |  Ξ = 0.00663917  |  Monotone: ✓
  Ω (self-model) = 0.2000
  ‖σ*_97 - σ*_96‖ = 0.00127554  |  max|Δ| = 0.00075772
  Contraction ratio ρ = 0.991457 ✓

──────────────────────────────────────────────────────────────────────
  PASS 98/100 (Bootstrap — σ* → evidence)
──────────────────────────────────────────────────────────────────────
  Θ = 0.000386  |  Ξ = 0.00664001  |  Monotone: ✓
  Ω (self-model) = 0.2000
  ‖σ*_98 - σ*_97‖ = 0.00126481  |  max|Δ| = 0.00075181
  Contraction ratio ρ = 0.991587 ✓

──────────────────────────────────────────────────────────────────────
  PASS 99/100 (Bootstrap — σ* → evidence)
──────────────────────────────────────────────────────────────────────
  Θ = 0.000383  |  Ξ = 0.00664085  |  Monotone: ✓
  Ω (self-model) = 0.2000
  ‖σ*_99 - σ*_98‖ = 0.00125433  |  max|Δ| = 0.00074595
  Contraction ratio ρ = 0.991710 ✓

──────────────────────────────────────────────────────────────────────
  PASS 100/100 (Bootstrap — σ* → evidence)
──────────────────────────────────────────────────────────────────────
  Θ = 0.000380  |  Ξ = 0.00664168  |  Monotone: ✓
  Ω (self-model) = 0.2000
  ‖σ*_100 - σ*_99‖ = 0.00124408  |  max|Δ| = 0.00074012
  Contraction ratio ρ = 0.991830 ✓


══════════════════════════════════════════════════════════════════════
  FIXED-POINT ANALYSIS
══════════════════════════════════════════════════════════════════════

    Pass          ‖Δσ‖        max|Δ|         ρ
  ─────────────────────────────────────────────
  1→ 2     0.29519962    0.17542760         —
  2→ 3     0.18394843    0.10212247  0.623132
  3→ 4     0.12386337    0.06665353  0.673359
  4→ 5     0.08543631    0.04153094  0.689762
  5→ 6     0.05994816    0.02887239  0.701671
  6→ 7     0.04786438    0.02277922  0.798430
  7→ 8     0.03973870    0.01858092  0.830235
  8→ 9     0.03225175    0.01548878  0.811595
  9→10     0.02689436    0.01311005  0.833888
  10→11     0.02350758    0.01122326  0.874071
  11→12     0.02075881    0.00969226  0.883068
  12→13     0.01848142    0.00842825  0.890293
  13→14     0.01656686    0.00748515  0.896406
  14→15     0.01493878    0.00690827  0.901727
  15→16     0.01354131    0.00640386  0.906454
  16→17     0.01233236    0.00595362  0.910722
  17→18     0.01127903    0.00554937  0.914588
  18→19     0.01035693    0.00518471  0.918246
  19→20     0.00954501    0.00485426  0.921607
  20→21     0.00882684    0.00455362  0.924759
  21→22     0.00818893    0.00427911  0.927731
  22→23     0.00762015    0.00402764  0.930542
  23→24     0.00711118    0.00379659  0.933208
  24→25     0.00665422    0.00358372  0.935740
  25→26     0.00624264    0.00338711  0.938148
  26→27     0.00587082    0.00320510  0.940438
  27→28     0.00553394    0.00303624  0.942617
  28→29     0.00522784    0.00287928  0.944688
  29→30     0.00494897    0.00273309  0.946657
  30→31     0.00469423    0.00259673  0.948526
  31→32     0.00446853    0.00246931  0.951921
  32→33     0.00427186    0.00235009  0.955987
  33→34     0.00409162    0.00223839  0.957807
  34→35     0.00392590    0.00213360  0.959498
  35→36     0.00377314    0.00203519  0.961091
  36→37     0.00363202    0.00194266  0.962597
  37→38     0.00350134    0.00185556  0.964021
  38→39     0.00338008    0.00177350  0.965367
  39→40     0.00326732    0.00169611  0.966640
  40→41     0.00316226    0.00162306  0.967844
  41→42     0.00306417    0.00155404  0.968982
  42→43     0.00297242    0.00148879  0.970059
  43→44     0.00288646    0.00142704  0.971078
  44→45     0.00280576    0.00136856  0.972043
  45→46     0.00272988    0.00131314  0.972957
  46→47     0.00265843    0.00126059  0.973824
  47→48     0.00259103    0.00121072  0.974647
  48→49     0.00252736    0.00116336  0.975429
  49→50     0.00246714    0.00111836  0.976172
  50→51     0.00241010    0.00107557  0.976880
  51→52     0.00235601    0.00103988  0.977554
  52→53     0.00230464    0.00103391  0.978197
  53→54     0.00225581    0.00102790  0.978811
  54→55     0.00220933    0.00102185  0.979398
  55→56     0.00216505    0.00101577  0.979959
  56→57     0.00212283    0.00100964  0.980496
  57→58     0.00208252    0.00100348  0.981011
  58→59     0.00204400    0.00099728  0.981505
  59→60     0.00200657    0.00099010  0.981688
  60→61     0.00197133    0.00098390  0.982439
  61→62     0.00193757    0.00097766  0.982876
  62→63     0.00190521    0.00097139  0.983295
  63→64     0.00187416    0.00096510  0.983702
  64→65     0.00184434    0.00095878  0.984092
  65→66     0.00181569    0.00095244  0.984467
  66→67     0.00178815    0.00094608  0.984829
  67→68     0.00176164    0.00093970  0.985178
  68→69     0.00173612    0.00093331  0.985515
  69→70     0.00171154    0.00092691  0.985839
  70→71     0.00168784    0.00092050  0.986152
  71→72     0.00166497    0.00091408  0.986454
  72→73     0.00164291    0.00090766  0.986746
  73→74     0.00162159    0.00090123  0.987028
  74→75     0.00160100    0.00089481  0.987300
  75→76     0.00158109    0.00088839  0.987563
  76→77     0.00156182    0.00088197  0.987814
  77→78     0.00154317    0.00087557  0.988063
  78→79     0.00152512    0.00086917  0.988300
  79→80     0.00150762    0.00086279  0.988529
  80→81     0.00149066    0.00085642  0.988751
  81→82     0.00147422    0.00085006  0.988965
  82→83     0.00145825    0.00084373  0.989173
  83→84     0.00144276    0.00083741  0.989373
  84→85     0.00142770    0.00083112  0.989567
  85→86     0.00141308    0.00082484  0.989755
  86→87     0.00139886    0.00081859  0.989936
  87→88     0.00138502    0.00081237  0.990112
  88→89     0.00137156    0.00080617  0.990282
  89→90     0.00135846    0.00080001  0.990446
  90→91     0.00134570    0.00079387  0.990605
  91→92     0.00133326    0.00078776  0.990759
  92→93     0.00132114    0.00078168  0.990908
  93→94     0.00130932    0.00077564  0.991053
  94→95     0.00129779    0.00076963  0.991193
  95→96     0.00128653    0.00076366  0.991328
  96→97     0.00127554    0.00075772  0.991457
  97→98     0.00126481    0.00075181  0.991587
  98→99     0.00125433    0.00074595  0.991710
  99→100     0.00124408    0.00074012  0.991830

  Average contraction ratio: ρ̄ = 0.948783
  Final ‖Δσ‖ = 0.00124408
  Final max|Δ| = 0.00074012

  Per-condition trajectory (first → last):
  Condition                    Pass 1   Pass 50  Pass 100   Δ(last)  Status
  ─────────────────────────────────────────────────────────────────────────────────────
  A1                           16.2%    14.6%    13.5%  +0.0003  FIXED
  A10                          15.3%    14.0%    13.1%  +0.0003  FIXED
  A11                          59.9%     5.4%     2.7%  +0.0002  FIXED
  A12                          27.6%     3.4%     1.8%  +0.0001  FIXED
  A13                          20.9%    12.3%     8.8%  +0.0005  FIXED
  A14                           6.4%     0.0%     0.0%  +0.0000  FIXED
  A15                           8.6%     0.0%     0.0%  +0.0000  FIXED
  A16                          20.5%    18.3%    16.8%  +0.0003  FIXED
  A17                          42.9%    18.0%    13.6%  +0.0007  FIXED
  A18                           7.3%    13.6%    11.6%  +0.0004  FIXED
  A2                            8.4%     0.0%     0.0%  +0.0000  FIXED
  A3                           15.8%    10.5%     7.3%  +0.0004  FIXED
  A4                           18.6%    16.9%    15.6%  +0.0003  FIXED
  A5                           43.7%    20.0%    20.0%  +0.0000  FIXED
  A6                            0.0%     0.0%     0.0%  +0.0000  FIXED
  A7                           56.7%     0.1%     0.0%  +0.0000  FIXED
  A8                           20.1%     0.0%     0.0%  +0.0000  FIXED
  A9                           63.1%     4.5%     2.1%  +0.0002  FIXED
  omega                        37.4%    20.0%    20.0%  +0.0000  FIXED ◀

  Metric                    Pass 1     Pass 50    Pass 100
  ───────────────────────────────────────────────────────
  Θ (global)              0.355440    0.000676    0.000380
  Ξ (axiom)             0.00653157  0.00659148  0.00664168
  Monotone                       ✓           ✓           ✓

  Axiom Witness W(σ*) on final state:
  Axiom       Value  Interpretation
  ────────────────────────────────────────
  A1          6.4%   LOW
  A2        100.0%   STRONG
  A3         72.4%   PARTIAL
  A4         33.9%   WEAK
  A5         10.0%   LOW
  A6         96.3%   STRONG
  A7         99.3%   STRONG
  A8         57.6%   PARTIAL
  A9         10.7%   LOW
  A10         5.2%   LOW
  A11         4.7%   LOW
  A12        99.9%   STRONG
  A13        14.7%   LOW
  A14         9.9%   LOW
  A15        73.6%   PARTIAL
  A16         6.4%   LOW
  A17        99.9%   STRONG
  A18        26.6%   WEAK

══════════════════════════════════════════════════════════════════════
  VERDICT: FIXED POINT REACHED.
  The self-application is a contraction mapping (ρ̄ = 0.9488).
  σ* is invariant under self-evaluation (max|Δ| = 0.000740).
  Ω (self-model) = 20.0%
  The system evaluating itself produces the same state.

  The fixed point is honest: the system recognizes its own
  structural tensions. Ω = 20.0% reflects the true
  self-evaluation — not what we want it to be, but what it IS.
  This is the constructive definition of objectivity:
  truth as the invariant of maximum recursive scrutiny.
══════════════════════════════════════════════════════════════════════

  Results saved to: /home/ubuntu/upload/self_application_results.json
