======================================================================
  CQIM v14.1 — RECURSIVE LOOP: THE RECURSION INSIDE ITSELF
  Conditions include the recursion's own dynamics.
  There is no outside. The recursion is inside itself.
  100 passes
======================================================================

  Pass   1:
    Ω = 0.3960  |  Θ = 0.359746  |  Ξ = 0.00606778
    ρ = 0.5000  μ = 0.5000  κ = 0.5000  ξ_res = 0.5000  φ = 0.5000

  Pass   2:
    Ω = 0.3701  |  Θ = 0.149884  |  Ξ = 0.00615860
    ρ = 0.5000  μ = 1.0000  κ = 0.5000  ξ_res = 0.9853  φ = 0.1509
    max|Δ| = 0.16981854

  Pass   3:
    Ω = 0.3941  |  Θ = 0.241947  |  Ξ = 0.00607812
    ρ = 0.0000  μ = 0.5000  κ = 0.0000  ξ_res = 0.9860  φ = 0.0000
    max|Δ| = 0.40862150

  Pass   4:
    Ω = 0.3046  |  Θ = 0.185551  |  Ξ = 0.00655777
    ρ = 0.0000  μ = 0.6667  κ = 0.0000  ξ_res = 0.9663  φ = 0.0000
    max|Δ| = 0.42996228

  Pass   5:
    Ω = 0.2861  |  Θ = 0.165855  |  Ξ = 0.00648718
    ρ = 0.0000  μ = 0.7500  κ = 0.0000  ξ_res = 0.9720  φ = 0.0000
    max|Δ| = 0.06688174

  Pass  10:
    Ω = 0.2870  |  Θ = 0.111273  |  Ξ = 0.00639462
    ρ = 0.0000  μ = 0.5556  κ = 0.0000  ξ_res = 0.9853  φ = 0.4761
    max|Δ| = 0.08338010

  Pass  20:
    Ω = 0.2939  |  Θ = 0.133319  |  Ξ = 0.00642123
    ρ = 0.0000  μ = 0.4737  κ = 0.0000  ξ_res = 0.9927  φ = 0.8732
    max|Δ| = 0.01483842

  Pass  30:
    Ω = 0.3072  |  Θ = 0.162571  |  Ξ = 0.00643749
    ρ = 0.0000  μ = 0.4828  κ = 0.0000  ξ_res = 0.9947  φ = 0.8326
    max|Δ| = 0.01031595

  Pass  40:
    Ω = 0.3132  |  Θ = 0.179505  |  Ξ = 0.00646603
    ρ = 0.0000  μ = 0.4872  κ = 0.0000  ξ_res = 0.9954  φ = 0.8810
    max|Δ| = 0.02196706

  Pass  50:
    Ω = 0.3100  |  Θ = 0.169288  |  Ξ = 0.00645244
    ρ = 0.0000  μ = 0.4898  κ = 0.0000  ξ_res = 0.9959  φ = 0.9014
    max|Δ| = 0.00599915

  Pass  60:
    Ω = 0.3172  |  Θ = 0.189286  |  Ξ = 0.00648989
    ρ = 0.0000  μ = 0.4746  κ = 0.0000  ξ_res = 0.9962  φ = 0.8936
    max|Δ| = 0.01082876

  Pass  70:
    Ω = 0.3244  |  Θ = 0.209164  |  Ξ = 0.00653610
    ρ = 0.0000  μ = 0.4783  κ = 0.0000  ξ_res = 0.9965  φ = 0.9270
    max|Δ| = 0.02797845

  Pass  80:
    Ω = 0.3257  |  Θ = 0.211548  |  Ξ = 0.00654441
    ρ = 0.0000  μ = 0.5063  κ = 0.0000  ξ_res = 0.9967  φ = 0.9730
    max|Δ| = 0.00350628

  Pass  90:
    Ω = 0.3288  |  Θ = 0.218891  |  Ξ = 0.00656404
    ρ = 0.0000  μ = 0.5169  κ = 0.0000  ξ_res = 0.9969  φ = 0.9635
    max|Δ| = 0.00319561

  Pass 100:
    Ω = 0.3289  |  Θ = 0.218772  |  Ξ = 0.00656384
    ρ = 0.0000  μ = 0.5152  κ = 0.0000  ξ_res = 0.9971  φ = 0.9697
    max|Δ| = 0.00286319


══════════════════════════════════════════════════════════════════════
  RECURSIVE LOOP — FIXED-POINT ANALYSIS
══════════════════════════════════════════════════════════════════════

  Average contraction ratio: ρ̄ = 1.796486
  Final max|Δ| = 0.00286319

  Ω trajectory (first 10): 0.3960 → 0.3701 → 0.3941 → 0.3046 → 0.2861 → 0.2847 → 0.2707 → 0.2696 → 0.2769 → 0.2870
  Ω trajectory (last 5):  0.3275 → 0.3271 → 0.3272 → 0.3288 → 0.3289

  Dynamic condition trajectories:
  Condition         P1      P5     P10     P25     P50    P100
  ────────────────────────────────────────────────────────────
  rho           44.9%   3.9%   3.3%   3.4%   3.6%   4.0%
  mu            45.4%  55.5%  54.1%  49.9%  47.9%  50.2%
  kappa         45.5%   1.6%   4.4%   6.7%   7.8%   9.5%
  xi_res        46.1%  82.9%  87.9%  89.8%  90.5%  91.6%
  phi           45.1%   8.6%  43.6%  59.1%  66.2%  77.2%

  Final state (pass 100):
  Condition                     Value   Δ(last)  Status
  ───────────────────────────────────────────────────────
  A1                           16.7%  +0.0000  FIXED
  A10                          16.5%  +0.0001  FIXED
  A11                          30.0%  +0.0003  FIXED
  A12                          12.1%  +0.0001  FIXED
  A13                          12.2%  +0.0001  FIXED
  A14                           0.0%  +0.0000  FIXED
  A15                           0.0%  +0.0000  FIXED
  A16                          18.4%  +0.0001  FIXED
  A17                          20.3%  +0.0003  FIXED
  A18                          16.9%  +0.0000  FIXED
  A2                            0.0%  +0.0000  FIXED
  A3                           18.4%  +0.0000  FIXED
  A4                           17.6%  +0.0001  FIXED
  A5                           23.3%  +0.0000  FIXED
  A6                            0.0%  +0.0000  FIXED
  A7                            7.4%  +0.0001  FIXED
  A8                            0.0%  +0.0000  FIXED
  A9                           10.8%  +0.0001  FIXED
  kappa                         9.5%  +0.0000  FIXED ★
  mu                           50.2%  +0.0029  ~FIXED ★
  omega                        32.9%  +0.0001  FIXED ◀
  phi                          77.2%  +0.0004  FIXED ★
  rho                           4.0%  +0.0000  FIXED ★
  xi_res                       91.6%  +0.0004  FIXED ★

══════════════════════════════════════════════════════════════════════
  VERDICT: LOOP RESULT.
  ρ̄ = 1.7965  |  max|Δ| = 0.002863
  Ω = 0.3289
══════════════════════════════════════════════════════════════════════

  Results saved to: /home/ubuntu/upload/recursive_loop_results.json
